2019-03-02 23:53:43,738-BrowserEngine-INFO-选择的浏览器是Chrome
2019-03-02 23:53:46,366-BrowserEngine-INFO-打开谷歌浏览器
2019-03-02 23:54:00,667-BasePage-INFO-<Discuz.pageobjects.HomePage1.testDiscuz1 object at 0x000001AAF56C8F28>页面('name', 'username')元素发送成功
2019-03-02 23:54:00,667-BasePage-INFO-<Discuz.pageobjects.HomePage1.testDiscuz1 object at 0x000001AAF56C8F28>页面('name', 'username')元素发送成功
2019-03-02 23:54:00,748-BasePage-INFO-<Discuz.pageobjects.HomePage1.testDiscuz1 object at 0x000001AAF56C8F28>页面('name', 'password')元素发送成功
2019-03-02 23:54:00,748-BasePage-INFO-<Discuz.pageobjects.HomePage1.testDiscuz1 object at 0x000001AAF56C8F28>页面('name', 'password')元素发送成功
2019-03-02 23:54:00,817-BasePage-INFO-点击成功<selenium.webdriver.remote.webelement.WebElement (session="d99f713c46373f79b2620d4d229acc8c", element="0.5105618090747375-3")>
2019-03-02 23:54:00,817-BasePage-INFO-点击成功<selenium.webdriver.remote.webelement.WebElement (session="d99f713c46373f79b2620d4d229acc8c", element="0.5105618090747375-3")>
2019-03-02 23:54:13,141-DiscuzTest1-INFO-用户名lxc登陆成功
2019-03-02 23:54:13,141-DiscuzTest1-INFO-用户名lxc登陆成功
2019-03-02 23:54:14,661-BasePage-INFO-点击成功<selenium.webdriver.remote.webelement.WebElement (session="d99f713c46373f79b2620d4d229acc8c", element="0.8113866339230729-2")>
2019-03-02 23:54:14,661-BasePage-INFO-点击成功<selenium.webdriver.remote.webelement.WebElement (session="d99f713c46373f79b2620d4d229acc8c", element="0.8113866339230729-2")>
2019-03-02 23:54:14,717-DiscuzTest1-INFO-成功进入默认模块
2019-03-02 23:54:14,717-DiscuzTest1-INFO-成功进入默认模块
2019-03-02 23:54:14,805-BasePage-INFO-<Discuz.pageobjects.HomePage1.testDiscuz1 object at 0x000001AAF56C8F28>页面('name', 'subject')元素发送成功
2019-03-02 23:54:14,805-BasePage-INFO-<Discuz.pageobjects.HomePage1.testDiscuz1 object at 0x000001AAF56C8F28>页面('name', 'subject')元素发送成功
2019-03-02 23:54:14,929-BasePage-INFO-<Discuz.pageobjects.HomePage1.testDiscuz1 object at 0x000001AAF56C8F28>页面('css selector', '.area textarea')元素发送成功
2019-03-02 23:54:14,929-BasePage-INFO-<Discuz.pageobjects.HomePage1.testDiscuz1 object at 0x000001AAF56C8F28>页面('css selector', '.area textarea')元素发送成功
2019-03-02 23:54:25,514-BasePage-INFO-点击成功<selenium.webdriver.remote.webelement.WebElement (session="d99f713c46373f79b2620d4d229acc8c", element="0.6753021373134971-4")>
2019-03-02 23:54:25,514-BasePage-INFO-点击成功<selenium.webdriver.remote.webelement.WebElement (session="d99f713c46373f79b2620d4d229acc8c", element="0.6753021373134971-4")>
2019-03-02 23:54:41,899-BasePage-INFO-<Discuz.pageobjects.HomePage1.testDiscuz1 object at 0x000001AAF56C8F28>页面('css selector', '.pt')元素发送成功
2019-03-02 23:54:41,899-BasePage-INFO-<Discuz.pageobjects.HomePage1.testDiscuz1 object at 0x000001AAF56C8F28>页面('css selector', '.pt')元素发送成功
2019-03-02 23:54:47,446-BasePage-INFO-点击成功<selenium.webdriver.remote.webelement.WebElement (session="d99f713c46373f79b2620d4d229acc8c", element="0.31470348477520704-2")>
2019-03-02 23:54:47,446-BasePage-INFO-点击成功<selenium.webdriver.remote.webelement.WebElement (session="d99f713c46373f79b2620d4d229acc8c", element="0.31470348477520704-2")>
2019-03-02 23:54:59,270-BasePage-INFO-点击成功<selenium.webdriver.remote.webelement.WebElement (session="d99f713c46373f79b2620d4d229acc8c", element="0.31470348477520704-3")>
2019-03-02 23:54:59,270-BasePage-INFO-点击成功<selenium.webdriver.remote.webelement.WebElement (session="d99f713c46373f79b2620d4d229acc8c", element="0.31470348477520704-3")>
2019-03-02 23:55:04,271-BrowserEngine-INFO-关闭
2019-03-02 23:55:06,785-BrowserEngine-INFO-选择的浏览器是Chrome
2019-03-02 23:55:09,328-BrowserEngine-INFO-打开谷歌浏览器
2019-03-02 23:55:24,194-BasePage-INFO-<Discuz.pageobjects.HomePage2.testDiscuz2 object at 0x000001AAF654E748>页面('name', 'username')元素发送成功
2019-03-02 23:55:24,194-BasePage-INFO-<Discuz.pageobjects.HomePage2.testDiscuz2 object at 0x000001AAF654E748>页面('name', 'username')元素发送成功
2019-03-02 23:55:24,262-BasePage-INFO-<Discuz.pageobjects.HomePage2.testDiscuz2 object at 0x000001AAF654E748>页面('name', 'password')元素发送成功
2019-03-02 23:55:24,262-BasePage-INFO-<Discuz.pageobjects.HomePage2.testDiscuz2 object at 0x000001AAF654E748>页面('name', 'password')元素发送成功
2019-03-02 23:55:24,322-BasePage-INFO-点击成功<selenium.webdriver.remote.webelement.WebElement (session="6d6fccc579efed0fdc906ebb00f47d20", element="0.38144737484592617-3")>
2019-03-02 23:55:24,322-BasePage-INFO-点击成功<selenium.webdriver.remote.webelement.WebElement (session="6d6fccc579efed0fdc906ebb00f47d20", element="0.38144737484592617-3")>
2019-03-02 23:55:37,091-BasePage-INFO-点击成功<selenium.webdriver.remote.webelement.WebElement (session="6d6fccc579efed0fdc906ebb00f47d20", element="0.38809533532074325-1")>
2019-03-02 23:55:37,091-BasePage-INFO-点击成功<selenium.webdriver.remote.webelement.WebElement (session="6d6fccc579efed0fdc906ebb00f47d20", element="0.38809533532074325-1")>
2019-03-02 23:55:37,299-BasePage-INFO-点击成功<selenium.webdriver.remote.webelement.WebElement (session="6d6fccc579efed0fdc906ebb00f47d20", element="0.2744425962217443-1")>
2019-03-02 23:55:37,299-BasePage-INFO-点击成功<selenium.webdriver.remote.webelement.WebElement (session="6d6fccc579efed0fdc906ebb00f47d20", element="0.2744425962217443-1")>
2019-03-02 23:55:40,638-BasePage-INFO-点击成功<selenium.webdriver.remote.webelement.WebElement (session="6d6fccc579efed0fdc906ebb00f47d20", element="0.2744425962217443-2")>
2019-03-02 23:55:40,638-BasePage-INFO-点击成功<selenium.webdriver.remote.webelement.WebElement (session="6d6fccc579efed0fdc906ebb00f47d20", element="0.2744425962217443-2")>
2019-03-02 23:55:41,175-BasePage-INFO-点击成功<selenium.webdriver.remote.webelement.WebElement (session="6d6fccc579efed0fdc906ebb00f47d20", element="0.2744425962217443-3")>
2019-03-02 23:55:41,175-BasePage-INFO-点击成功<selenium.webdriver.remote.webelement.WebElement (session="6d6fccc579efed0fdc906ebb00f47d20", element="0.2744425962217443-3")>
2019-03-02 23:55:49,334-BasePage-INFO-点击成功<selenium.webdriver.remote.webelement.WebElement (session="6d6fccc579efed0fdc906ebb00f47d20", element="0.27717773302571413-1")>
2019-03-02 23:55:49,334-BasePage-INFO-点击成功<selenium.webdriver.remote.webelement.WebElement (session="6d6fccc579efed0fdc906ebb00f47d20", element="0.27717773302571413-1")>
2019-03-02 23:55:51,356-BasePage-INFO-激活窗口<Discuz.pageobjects.HomePage2.testDiscuz2 object at 0x000001AAF654E748>成功
2019-03-02 23:55:51,356-BasePage-INFO-激活窗口<Discuz.pageobjects.HomePage2.testDiscuz2 object at 0x000001AAF654E748>成功
2019-03-02 23:56:03,488-BasePage-ERROR-<Discuz.pageobjects.HomePage2.testDiscuz2 object at 0x000001AAF654E748>页面Message: no such element: Unable to locate element: {"method":"name","selector":"admin_password"}
  (Session info: chrome=72.0.3626.119)
  (Driver info: chromedriver=73.0.3683.20 (8e2b610813e167eee3619ac4ce6e42e3ec622017),platform=Windows NT 10.0.10586 x86_64)
元素发送失败
2019-03-02 23:56:03,488-BasePage-ERROR-<Discuz.pageobjects.HomePage2.testDiscuz2 object at 0x000001AAF654E748>页面Message: no such element: Unable to locate element: {"method":"name","selector":"admin_password"}
  (Session info: chrome=72.0.3626.119)
  (Driver info: chromedriver=73.0.3683.20 (8e2b610813e167eee3619ac4ce6e42e3ec622017),platform=Windows NT 10.0.10586 x86_64)
元素发送失败
2019-03-02 23:56:14,637-BasePage-ERROR-点击失败Message: element not interactable
  (Session info: chrome=72.0.3626.119)
  (Driver info: chromedriver=73.0.3683.20 (8e2b610813e167eee3619ac4ce6e42e3ec622017),platform=Windows NT 10.0.10586 x86_64)

2019-03-02 23:56:14,637-BasePage-ERROR-点击失败Message: element not interactable
  (Session info: chrome=72.0.3626.119)
  (Driver info: chromedriver=73.0.3683.20 (8e2b610813e167eee3619ac4ce6e42e3ec622017),platform=Windows NT 10.0.10586 x86_64)

2019-03-02 23:56:16,678-BasePage-INFO-激活窗口<Discuz.pageobjects.HomePage2.testDiscuz2 object at 0x000001AAF654E748>成功
2019-03-02 23:56:16,678-BasePage-INFO-激活窗口<Discuz.pageobjects.HomePage2.testDiscuz2 object at 0x000001AAF654E748>成功
2019-03-02 23:56:16,962-BasePage-INFO-点击成功<selenium.webdriver.remote.webelement.WebElement (session="6d6fccc579efed0fdc906ebb00f47d20", element="0.2670678399681161-2")>
2019-03-02 23:56:16,962-BasePage-INFO-点击成功<selenium.webdriver.remote.webelement.WebElement (session="6d6fccc579efed0fdc906ebb00f47d20", element="0.2670678399681161-2")>
2019-03-02 23:56:18,994-BasePage-INFO-查找iframe元素成功
2019-03-02 23:56:18,994-BasePage-INFO-查找iframe元素成功
2019-03-02 23:56:19,139-BasePage-INFO-点击成功<selenium.webdriver.remote.webelement.WebElement (session="6d6fccc579efed0fdc906ebb00f47d20", element="0.2638583140092732-1")>
2019-03-02 23:56:19,139-BasePage-INFO-点击成功<selenium.webdriver.remote.webelement.WebElement (session="6d6fccc579efed0fdc906ebb00f47d20", element="0.2638583140092732-1")>
2019-03-02 23:56:21,401-BasePage-INFO-点击成功<selenium.webdriver.remote.webelement.WebElement (session="6d6fccc579efed0fdc906ebb00f47d20", element="0.2638583140092732-2")>
2019-03-02 23:56:21,401-BasePage-INFO-点击成功<selenium.webdriver.remote.webelement.WebElement (session="6d6fccc579efed0fdc906ebb00f47d20", element="0.2638583140092732-2")>
2019-03-02 23:56:30,441-BasePage-ERROR-点击失败Message: no such element: Unable to locate element: {"method":"link text","selector":"退出"}
  (Session info: chrome=72.0.3626.119)
  (Driver info: chromedriver=73.0.3683.20 (8e2b610813e167eee3619ac4ce6e42e3ec622017),platform=Windows NT 10.0.10586 x86_64)

2019-03-02 23:56:30,441-BasePage-ERROR-点击失败Message: no such element: Unable to locate element: {"method":"link text","selector":"退出"}
  (Session info: chrome=72.0.3626.119)
  (Driver info: chromedriver=73.0.3683.20 (8e2b610813e167eee3619ac4ce6e42e3ec622017),platform=Windows NT 10.0.10586 x86_64)

2019-03-02 23:56:30,487-BasePage-INFO-激活窗口<Discuz.pageobjects.HomePage2.testDiscuz2 object at 0x000001AAF654E748>成功
2019-03-02 23:56:30,487-BasePage-INFO-激活窗口<Discuz.pageobjects.HomePage2.testDiscuz2 object at 0x000001AAF654E748>成功
2019-03-02 23:56:33,752-BasePage-INFO-点击成功<selenium.webdriver.remote.webelement.WebElement (session="6d6fccc579efed0fdc906ebb00f47d20", element="0.27717773302571413-2")>
2019-03-02 23:56:33,752-BasePage-INFO-点击成功<selenium.webdriver.remote.webelement.WebElement (session="6d6fccc579efed0fdc906ebb00f47d20", element="0.27717773302571413-2")>
2019-03-02 23:56:43,926-BasePage-INFO-<Discuz.pageobjects.HomePage1.testDiscuz1 object at 0x000001AAF654E5F8>页面('name', 'username')元素发送成功
2019-03-02 23:56:43,926-BasePage-INFO-<Discuz.pageobjects.HomePage1.testDiscuz1 object at 0x000001AAF654E5F8>页面('name', 'username')元素发送成功
2019-03-02 23:56:44,026-BasePage-INFO-<Discuz.pageobjects.HomePage1.testDiscuz1 object at 0x000001AAF654E5F8>页面('name', 'password')元素发送成功
2019-03-02 23:56:44,026-BasePage-INFO-<Discuz.pageobjects.HomePage1.testDiscuz1 object at 0x000001AAF654E5F8>页面('name', 'password')元素发送成功
2019-03-02 23:56:44,082-BasePage-INFO-点击成功<selenium.webdriver.remote.webelement.WebElement (session="6d6fccc579efed0fdc906ebb00f47d20", element="0.9712229011916649-3")>
2019-03-02 23:56:44,082-BasePage-INFO-点击成功<selenium.webdriver.remote.webelement.WebElement (session="6d6fccc579efed0fdc906ebb00f47d20", element="0.9712229011916649-3")>
2019-03-02 23:56:56,581-BasePage-ERROR-点击失败Message: no such element: Unable to locate element: {"method":"css selector","selector":"tr:nth-child(2) td h2 a"}
  (Session info: chrome=72.0.3626.119)
  (Driver info: chromedriver=73.0.3683.20 (8e2b610813e167eee3619ac4ce6e42e3ec622017),platform=Windows NT 10.0.10586 x86_64)

2019-03-02 23:56:56,581-BasePage-ERROR-点击失败Message: no such element: Unable to locate element: {"method":"css selector","selector":"tr:nth-child(2) td h2 a"}
  (Session info: chrome=72.0.3626.119)
  (Driver info: chromedriver=73.0.3683.20 (8e2b610813e167eee3619ac4ce6e42e3ec622017),platform=Windows NT 10.0.10586 x86_64)

2019-03-02 23:56:56,688-BasePage-INFO-<Discuz.pageobjects.HomePage1.testDiscuz1 object at 0x000001AAF654E5F8>页面('name', 'subject')元素发送成功
2019-03-02 23:56:56,688-BasePage-INFO-<Discuz.pageobjects.HomePage1.testDiscuz1 object at 0x000001AAF654E5F8>页面('name', 'subject')元素发送成功
2019-03-02 23:56:56,763-BasePage-INFO-<Discuz.pageobjects.HomePage1.testDiscuz1 object at 0x000001AAF654E5F8>页面('css selector', '.area textarea')元素发送成功
2019-03-02 23:56:56,763-BasePage-INFO-<Discuz.pageobjects.HomePage1.testDiscuz1 object at 0x000001AAF654E5F8>页面('css selector', '.area textarea')元素发送成功
2019-03-02 23:57:06,692-BasePage-INFO-点击成功<selenium.webdriver.remote.webelement.WebElement (session="6d6fccc579efed0fdc906ebb00f47d20", element="0.6582875546505289-4")>
2019-03-02 23:57:06,692-BasePage-INFO-点击成功<selenium.webdriver.remote.webelement.WebElement (session="6d6fccc579efed0fdc906ebb00f47d20", element="0.6582875546505289-4")>
2019-03-02 23:57:11,695-BrowserEngine-INFO-关闭
2019-03-02 23:57:14,209-BrowserEngine-INFO-选择的浏览器是Chrome
2019-03-02 23:57:16,500-BrowserEngine-INFO-打开谷歌浏览器
2019-03-02 23:57:29,997-BasePage-INFO-<Discuz.pageobjects.HomePage1.testDiscuz1 object at 0x000001AAF657EEB8>页面('name', 'username')元素发送成功
2019-03-02 23:57:29,997-BasePage-INFO-<Discuz.pageobjects.HomePage1.testDiscuz1 object at 0x000001AAF657EEB8>页面('name', 'username')元素发送成功
2019-03-02 23:57:30,097-BasePage-INFO-<Discuz.pageobjects.HomePage1.testDiscuz1 object at 0x000001AAF657EEB8>页面('name', 'password')元素发送成功
2019-03-02 23:57:30,097-BasePage-INFO-<Discuz.pageobjects.HomePage1.testDiscuz1 object at 0x000001AAF657EEB8>页面('name', 'password')元素发送成功
2019-03-02 23:57:30,169-BasePage-INFO-点击成功<selenium.webdriver.remote.webelement.WebElement (session="b49f380c7a6c699063061e2da5051380", element="0.018132432148189048-3")>
2019-03-02 23:57:30,169-BasePage-INFO-点击成功<selenium.webdriver.remote.webelement.WebElement (session="b49f380c7a6c699063061e2da5051380", element="0.018132432148189048-3")>
2019-03-02 23:57:32,761-BasePage-INFO-<Discuz.pageobjects.HomePage3.testDiscuz3 object at 0x000001AAF654E748>页面('name', 'srchtxt')元素发送成功
2019-03-02 23:57:32,761-BasePage-INFO-<Discuz.pageobjects.HomePage3.testDiscuz3 object at 0x000001AAF654E748>页面('name', 'srchtxt')元素发送成功
2019-03-02 23:57:32,761-BasePage-INFO-已输入haotest
2019-03-02 23:57:32,761-BasePage-INFO-已输入haotest
2019-03-02 23:57:32,889-BasePage-INFO-点击成功<selenium.webdriver.remote.webelement.WebElement (session="b49f380c7a6c699063061e2da5051380", element="0.25702961977128047-3")>
2019-03-02 23:57:32,889-BasePage-INFO-点击成功<selenium.webdriver.remote.webelement.WebElement (session="b49f380c7a6c699063061e2da5051380", element="0.25702961977128047-3")>
2019-03-02 23:57:32,890-BasePage-INFO-点击搜索
2019-03-02 23:57:32,890-BasePage-INFO-点击搜索
2019-03-02 23:57:34,894-BasePage-INFO-激活窗口<Discuz.pageobjects.HomePage3.testDiscuz3 object at 0x000001AAF654E748>成功
2019-03-02 23:57:34,894-BasePage-INFO-激活窗口<Discuz.pageobjects.HomePage3.testDiscuz3 object at 0x000001AAF654E748>成功
2019-03-02 23:57:34,894-BasePage-INFO-激活窗口
2019-03-02 23:57:34,894-BasePage-INFO-激活窗口
2019-03-02 23:57:38,058-BasePage-INFO-点击成功<selenium.webdriver.remote.webelement.WebElement (session="b49f380c7a6c699063061e2da5051380", element="0.6855005544963395-1")>
2019-03-02 23:57:38,058-BasePage-INFO-点击成功<selenium.webdriver.remote.webelement.WebElement (session="b49f380c7a6c699063061e2da5051380", element="0.6855005544963395-1")>
2019-03-02 23:57:38,058-BasePage-INFO-点击找到的haotest
2019-03-02 23:57:38,058-BasePage-INFO-点击找到的haotest
2019-03-02 23:57:38,066-BasePage-INFO-激活窗口<Discuz.pageobjects.HomePage3.testDiscuz3 object at 0x000001AAF654E748>成功
2019-03-02 23:57:38,066-BasePage-INFO-激活窗口<Discuz.pageobjects.HomePage3.testDiscuz3 object at 0x000001AAF654E748>成功
2019-03-02 23:57:40,804-DiscuzTest3-INFO-断言成功，搜索到haotesthaotest
2019-03-02 23:57:40,804-DiscuzTest3-INFO-断言成功，搜索到haotesthaotest
2019-03-02 23:57:45,805-BrowserEngine-INFO-关闭
2019-03-02 23:57:48,281-BrowserEngine-INFO-选择的浏览器是Chrome
2019-03-02 23:57:50,600-BrowserEngine-INFO-打开谷歌浏览器
2019-03-02 23:57:55,841-BasePage-INFO-<Discuz.pageobjects.HomePage1.testDiscuz1 object at 0x000001AAF56C8F28>页面('name', 'username')元素发送成功
2019-03-02 23:57:55,841-BasePage-INFO-<Discuz.pageobjects.HomePage1.testDiscuz1 object at 0x000001AAF56C8F28>页面('name', 'username')元素发送成功
2019-03-02 23:57:55,926-BasePage-INFO-<Discuz.pageobjects.HomePage1.testDiscuz1 object at 0x000001AAF56C8F28>页面('name', 'password')元素发送成功
2019-03-02 23:57:55,926-BasePage-INFO-<Discuz.pageobjects.HomePage1.testDiscuz1 object at 0x000001AAF56C8F28>页面('name', 'password')元素发送成功
2019-03-02 23:57:55,987-BasePage-INFO-点击成功<selenium.webdriver.remote.webelement.WebElement (session="fd55284938e01e3d732f056868ca52a1", element="0.4785949024861684-3")>
2019-03-02 23:57:55,987-BasePage-INFO-点击成功<selenium.webdriver.remote.webelement.WebElement (session="fd55284938e01e3d732f056868ca52a1", element="0.4785949024861684-3")>
2019-03-02 23:58:12,173-BasePage-INFO-点击成功<selenium.webdriver.remote.webelement.WebElement (session="fd55284938e01e3d732f056868ca52a1", element="0.5258049555707951-2")>
2019-03-02 23:58:12,173-BasePage-INFO-点击成功<selenium.webdriver.remote.webelement.WebElement (session="fd55284938e01e3d732f056868ca52a1", element="0.5258049555707951-2")>
2019-03-02 23:58:18,803-BasePage-INFO-点击成功<selenium.webdriver.remote.webelement.WebElement (session="fd55284938e01e3d732f056868ca52a1", element="0.4229205842976165-2")>
2019-03-02 23:58:18,803-BasePage-INFO-点击成功<selenium.webdriver.remote.webelement.WebElement (session="fd55284938e01e3d732f056868ca52a1", element="0.4229205842976165-2")>
2019-03-02 23:58:19,364-BasePage-INFO-点击成功<selenium.webdriver.remote.webelement.WebElement (session="fd55284938e01e3d732f056868ca52a1", element="0.1836393120537867-1")>
2019-03-02 23:58:19,364-BasePage-INFO-点击成功<selenium.webdriver.remote.webelement.WebElement (session="fd55284938e01e3d732f056868ca52a1", element="0.1836393120537867-1")>
2019-03-02 23:58:22,503-BasePage-INFO-<Discuz.pageobjects.HomePage4.testDiscuz4 object at 0x000001AAF657EEF0>页面('css selector', '.bm .pbt .z input')元素发送成功
2019-03-02 23:58:22,503-BasePage-INFO-<Discuz.pageobjects.HomePage4.testDiscuz4 object at 0x000001AAF657EEF0>页面('css selector', '.bm .pbt .z input')元素发送成功
2019-03-02 23:58:22,588-BasePage-INFO-<Discuz.pageobjects.HomePage4.testDiscuz4 object at 0x000001AAF657EEF0>页面('css selector', '.sinf div:nth-child(4) p:nth-child(1) input')元素发送成功
2019-03-02 23:58:22,588-BasePage-INFO-<Discuz.pageobjects.HomePage4.testDiscuz4 object at 0x000001AAF657EEF0>页面('css selector', '.sinf div:nth-child(4) p:nth-child(1) input')元素发送成功
2019-03-02 23:58:22,668-BasePage-INFO-<Discuz.pageobjects.HomePage4.testDiscuz4 object at 0x000001AAF657EEF0>页面('css selector', '.sinf div:nth-child(4) p:nth-child(2) input')元素发送成功
2019-03-02 23:58:22,668-BasePage-INFO-<Discuz.pageobjects.HomePage4.testDiscuz4 object at 0x000001AAF657EEF0>页面('css selector', '.sinf div:nth-child(4) p:nth-child(2) input')元素发送成功
2019-03-02 23:58:25,770-BasePage-INFO-点击成功<selenium.webdriver.remote.webelement.WebElement (session="fd55284938e01e3d732f056868ca52a1", element="0.15311879060509148-4")>
2019-03-02 23:58:25,770-BasePage-INFO-点击成功<selenium.webdriver.remote.webelement.WebElement (session="fd55284938e01e3d732f056868ca52a1", element="0.15311879060509148-4")>
2019-03-02 23:58:29,067-BasePage-INFO-点击成功<selenium.webdriver.remote.webelement.WebElement (session="fd55284938e01e3d732f056868ca52a1", element="0.06211161591087766-1")>
2019-03-02 23:58:29,067-BasePage-INFO-点击成功<selenium.webdriver.remote.webelement.WebElement (session="fd55284938e01e3d732f056868ca52a1", element="0.06211161591087766-1")>
2019-03-02 23:58:40,767-BasePage-INFO-点击成功<selenium.webdriver.remote.webelement.WebElement (session="fd55284938e01e3d732f056868ca52a1", element="0.06211161591087766-2")>
2019-03-02 23:58:40,767-BasePage-INFO-点击成功<selenium.webdriver.remote.webelement.WebElement (session="fd55284938e01e3d732f056868ca52a1", element="0.06211161591087766-2")>
2019-03-02 23:58:45,771-BrowserEngine-INFO-关闭
2019-03-02 23:58:48,191-BrowserEngine-INFO-选择的浏览器是Chrome
2019-03-02 23:58:50,386-BrowserEngine-INFO-打开谷歌浏览器
2019-03-02 23:59:03,200-BasePage-INFO-<Discuz.pageobjects.HomePage1.testDiscuz1 object at 0x000001AAF657E630>页面('name', 'username')元素发送成功
2019-03-02 23:59:03,200-BasePage-INFO-<Discuz.pageobjects.HomePage1.testDiscuz1 object at 0x000001AAF657E630>页面('name', 'username')元素发送成功
2019-03-02 23:59:03,278-BasePage-INFO-<Discuz.pageobjects.HomePage1.testDiscuz1 object at 0x000001AAF657E630>页面('name', 'password')元素发送成功
2019-03-02 23:59:03,278-BasePage-INFO-<Discuz.pageobjects.HomePage1.testDiscuz1 object at 0x000001AAF657E630>页面('name', 'password')元素发送成功
2019-03-02 23:59:03,342-BasePage-INFO-点击成功<selenium.webdriver.remote.webelement.WebElement (session="868fa57e21e9fe40ce4715a827da6857", element="0.5099752516273812-3")>
2019-03-02 23:59:03,342-BasePage-INFO-点击成功<selenium.webdriver.remote.webelement.WebElement (session="868fa57e21e9fe40ce4715a827da6857", element="0.5099752516273812-3")>
